0 info it worked if it ends with ok
1 verbose cli [ '/usr/local/bin/node', '/usr/local/bin/npm', 'publish' ]
2 info using npm@2.15.1
3 info using node@v6.4.0
4 verbose publish [ '.' ]
5 silly cache add args [ '.', null ]
6 verbose cache add spec .
7 silly cache add parsed spec Result {
7 silly cache add   raw: '.',
7 silly cache add   scope: null,
7 silly cache add   name: null,
7 silly cache add   rawSpec: '.',
7 silly cache add   spec: '/Users/eggie/typetext',
7 silly cache add   type: 'directory' }
8 verbose addLocalDirectory /Users/eggie/.npm/type-text/0.1.0/package.tgz not in flight; packing
9 verbose correctMkdir /Users/eggie/.npm correctMkdir not in flight; initializing
10 verbose tar pack [ '/Users/eggie/.npm/type-text/0.1.0/package.tgz',
10 verbose tar pack   '/Users/eggie/typetext' ]
11 verbose tarball /Users/eggie/.npm/type-text/0.1.0/package.tgz
12 verbose folder /Users/eggie/typetext
13 info prepublish type-text@0.1.0
14 verbose addLocalTarball adding from inside cache /Users/eggie/.npm/type-text/0.1.0/package.tgz
15 verbose correctMkdir /Users/eggie/.npm correctMkdir not in flight; initializing
16 silly cache afterAdd type-text@0.1.0
17 verbose afterAdd /Users/eggie/.npm/type-text/0.1.0/package/package.json not in flight; writing
18 verbose correctMkdir /Users/eggie/.npm correctMkdir not in flight; initializing
19 verbose afterAdd /Users/eggie/.npm/type-text/0.1.0/package/package.json written
20 silly publish { name: 'type-text',
20 silly publish   version: '0.1.0',
20 silly publish   description: 'This lightweight module turns your static text into dynamic transformations on the screen. Each letter appears sequentially followed by a pipe character as if the text is currently being typed by a typewriter! ',
20 silly publish   main: 'index.js',
20 silly publish   scripts: { test: 'echo "Error: no test specified" && exit 1' },
20 silly publish   repository:
20 silly publish    { type: 'git',
20 silly publish      url: 'git+https://github.com/dadanili/typewriter.git' },
20 silly publish   author:
20 silly publish    { name: 'Dani Li',
20 silly publish      email: 'yli523@gmail.com',
20 silly publish      url: 'www.linkedin.com/in/daniyidanli' },
20 silly publish   license: 'ISC',
20 silly publish   bugs: { url: 'https://github.com/dadanili/typewriter/issues' },
20 silly publish   homepage: 'https://github.com/dadanili/typewriter#readme',
20 silly publish   readme: '# typewriter\n=========\n\nThis module turns your static text into dynamic transformations on the screen. Each letter appears sequentially followed by a pipe character as if the text is currently being typed by a typewriter!\n\n\n## Installation\n\n  npm install type-text --save\n\n\n## Usage\n\n  var typetext = require(\'type-text\')\n  typetext(<the string to display>, <the DOM node this string is the textContent of>, [optional]<speed in milliseconds>)\n  The default speed is 100 milliseconds\n  eg. typetext(\'mystring is this\', document.getElementById(\'app\'), 200)\n\n\n## Release History\n\n* 0.1.0 Initial release\n* 0.1.1 updated README',
20 silly publish   readmeFilename: 'README.md',
20 silly publish   gitHead: '5b9b8733ac2b192c0c05490a1d18683bf5e995d2',
20 silly publish   _id: 'type-text@0.1.0',
20 silly publish   _shasum: '8343b4604c8b60c99f986d8dc4d423941b70eb92',
20 silly publish   _from: '.' }
21 verbose getPublishConfig undefined
22 silly mapToRegistry name type-text
23 silly mapToRegistry using default registry
24 silly mapToRegistry registry https://registry.npmjs.org/
25 silly mapToRegistry data Result {
25 silly mapToRegistry   raw: 'type-text',
25 silly mapToRegistry   scope: null,
25 silly mapToRegistry   name: 'type-text',
25 silly mapToRegistry   rawSpec: '',
25 silly mapToRegistry   spec: 'latest',
25 silly mapToRegistry   type: 'tag' }
26 silly mapToRegistry uri https://registry.npmjs.org/type-text
27 verbose publish registryBase https://registry.npmjs.org/
28 silly publish uploading /Users/eggie/.npm/type-text/0.1.0/package.tgz
29 verbose request uri https://registry.npmjs.org/type-text
30 verbose request sending authorization for write operation
31 info attempt registry request try #1 at 10:49:37 PM
32 verbose request using bearer token for auth
33 verbose request id 7c702855ee742c32
34 http request PUT https://registry.npmjs.org/type-text
35 http 403 https://registry.npmjs.org/type-text
36 verbose headers { 'content-type': 'application/json',
36 verbose headers   'cache-control': 'max-age=300',
36 verbose headers   'content-length': '95',
36 verbose headers   'accept-ranges': 'bytes',
36 verbose headers   date: 'Sun, 06 Nov 2016 05:49:37 GMT',
36 verbose headers   via: '1.1 varnish',
36 verbose headers   connection: 'keep-alive',
36 verbose headers   'x-served-by': 'cache-sjc3624-SJC',
36 verbose headers   'x-cache': 'MISS',
36 verbose headers   'x-cache-hits': '0',
36 verbose headers   'x-timer': 'S1478411377.758405,VS0,VE120',
36 verbose headers   vary: 'Accept-Encoding' }
37 verbose request invalidating /Users/eggie/.npm/registry.npmjs.org/type-text on PUT
38 error publish Failed PUT 403
39 verbose stack Error: "You cannot publish over the previously published version 0.1.0." : type-text
39 verbose stack     at makeError (/usr/local/lib/node_modules/npm/node_modules/npm-registry-client/lib/request.js:264:12)
39 verbose stack     at CachingRegistryClient.<anonymous> (/usr/local/lib/node_modules/npm/node_modules/npm-registry-client/lib/request.js:252:14)
39 verbose stack     at Request._callback (/usr/local/lib/node_modules/npm/node_modules/npm-registry-client/lib/request.js:172:14)
39 verbose stack     at Request.self.callback (/usr/local/lib/node_modules/npm/node_modules/request/request.js:199:22)
39 verbose stack     at emitTwo (events.js:106:13)
39 verbose stack     at Request.emit (events.js:191:7)
39 verbose stack     at Request.<anonymous> (/usr/local/lib/node_modules/npm/node_modules/request/request.js:1036:10)
39 verbose stack     at emitOne (events.js:101:20)
39 verbose stack     at Request.emit (events.js:188:7)
39 verbose stack     at IncomingMessage.<anonymous> (/usr/local/lib/node_modules/npm/node_modules/request/request.js:963:12)
40 verbose statusCode 403
41 verbose pkgid type-text
42 verbose cwd /Users/eggie/typetext
43 error Darwin 15.5.0
44 error argv "/usr/local/bin/node" "/usr/local/bin/npm" "publish"
45 error node v6.4.0
46 error npm  v2.15.1
47 error code E403
48 error "You cannot publish over the previously published version 0.1.0." : type-text
49 error If you need help, you may report this error at:
49 error     <https://github.com/npm/npm/issues>
50 verbose exit [ 1, true ]
